<?xml version="1.0" encoding="UTF-8"?>
<!-- Generated by org.testng.reporters.JUnitXMLReporter -->
<testsuite hostname="DESKTOP-C5HQ12V" ignored="0" name="Test" tests="3" failures="0" timestamp="01 Jun 2022 08:00:17 GMT" time="0.665" errors="0">
  <testcase name="gitBash1Test" time="0.171" classname="com.gitBash.GitBash1Test"/>
  <testcase name="gitBash2Test" time="0.006" classname="com.gitBash.GitBash2Test"/>
  <testcase name="gitBash3Test" time="0.005" classname="com.gitBash.GitBash3Test"/>
</testsuite> <!-- Test -->
