<?xml version="1.0" encoding="UTF-8"?>
<testng-results skipped="0" failed="0" ignored="0" total="3" passed="3">
  <reporter-output>
  </reporter-output>
  <suite name="Suite" duration-ms="665" started-at="2022-06-01T08:00:16Z" finished-at="2022-06-01T08:00:17Z">
    <groups>
    </groups>
    <test name="Test" duration-ms="665" started-at="2022-06-01T08:00:16Z" finished-at="2022-06-01T08:00:17Z">
      <class name="com.gitBash.GitBash1Test">
        <test-method status="PASS" signature="gitBash1Test()[pri:0, instance:com.gitBash.GitBash1Test@c00fff0]" name="gitBash1Test" duration-ms="171" started-at="2022-06-01T08:00:16Z" finished-at="2022-06-01T08:00:16Z">
          <reporter-output>
          </reporter-output>
        </test-method> <!-- gitBash1Test -->
      </class> <!-- com.gitBash.GitBash1Test -->
      <class name="com.gitBash.GitBash2Test">
        <test-method status="PASS" signature="gitBash2Test()[pri:0, instance:com.gitBash.GitBash2Test@263f04ca]" name="gitBash2Test" duration-ms="6" started-at="2022-06-01T08:00:17Z" finished-at="2022-06-01T08:00:17Z">
          <reporter-output>
          </reporter-output>
        </test-method> <!-- gitBash2Test -->
      </class> <!-- com.gitBash.GitBash2Test -->
      <class name="com.gitBash.GitBash3Test">
        <test-method status="PASS" signature="gitBash3Test()[pri:0, instance:com.gitBash.GitBash3Test@2ca47471]" name="gitBash3Test" duration-ms="5" started-at="2022-06-01T08:00:17Z" finished-at="2022-06-01T08:00:17Z">
          <reporter-output>
          </reporter-output>
        </test-method> <!-- gitBash3Test -->
      </class> <!-- com.gitBash.GitBash3Test -->
    </test> <!-- Test -->
  </suite> <!-- Suite -->
</testng-results>
